.git
.gitignore
Arrays
buffer
cluster
date.js
date.txdft
date.zip
date1.txt
demo
eventEmitter
Express
fs
Http
Js
main.js
output.txt
README.md
Redux
stderr.log
stdout.log
.git\COMMIT_EDITMSG
.git\config
.git\description
.git\HEAD
.git\hooks
.git\index
.git\info
.git\logs
.git\objects
.git\refs
Arrays\reverseArray.js
buffer\buffer.js
cluster\cluster.js
cluster\node_modules
cluster\package-lock.json
cluster\package.json
demo\main.txt
eventEmitter\main.js
Express\express.js
Express\main.js
Express\node_modules
Express\package-lock.json
Express\package.json
fs\date.js
fs\demo
fs\fs_workouts.js
fs\indexGenerators.js
fs\logs.log
fs\main.js
fs\output.txt
fs\reject.txt
fs\reject1.txt
fs\stream.js
fs\transformed.txt
Http\index.html
Http\server.js
Js\index.html
Js\index.js
Redux\node_modules
Redux\package-lock.json
Redux\package.json
Redux\store.js
.git\hooks\applypatch-msg.sample
.git\hooks\commit-msg.sample
.git\hooks\fsmonitor-watchman.sample
.git\hooks\post-update.sample
.git\hooks\pre-applypatch.sample
.git\hooks\pre-commit.sample
.git\hooks\pre-merge-commit.sample
.git\hooks\pre-push.sample
.git\hooks\pre-rebase.sample
.git\hooks\pre-receive.sample
.git\hooks\prepare-commit-msg.sample
.git\hooks\push-to-checkout.sample
.git\hooks\sendemail-validate.sample
.git\hooks\update.sample
.git\info\exclude
.git\logs\HEAD
.git\logs\refs
.git\objects\01
.git\objects\06
.git\objects\07
.git\objects\08
.git\objects\0b
.git\objects\0f
.git\objects\1a
.git\objects\1e
.git\objects\1f
.git\objects\22
.git\objects\25
.git\objects\2b
.git\objects\34
.git\objects\36
.git\objects\38
.git\objects\3a
.git\objects\3b
.git\objects\3c
.git\objects\40
.git\objects\41
.git\objects\43
.git\objects\45
.git\objects\48
.git\objects\50
.git\objects\54
.git\objects\57
.git\objects\58
.git\objects\59
.git\objects\5b
.git\objects\63
.git\objects\6f
.git\objects\70
.git\objects\77
.git\objects\78
.git\objects\80
.git\objects\81
.git\objects\82
.git\objects\83
.git\objects\84
.git\objects\89
.git\objects\8a
.git\objects\8b
.git\objects\91
.git\objects\96
.git\objects\98
.git\objects\9d
.git\objects\a2
.git\objects\b3
.git\objects\b8
.git\objects\bb
.git\objects\bd
.git\objects\c1
.git\objects\c3
.git\objects\c6
.git\objects\c7
.git\objects\cb
.git\objects\d6
.git\objects\d7
.git\objects\df
.git\objects\e9
.git\objects\ec
.git\objects\f1
.git\objects\f2
.git\objects\f5
.git\objects\f6
.git\objects\fb
.git\objects\fc
.git\objects\info
.git\objects\pack
.git\refs\heads
.git\refs\remotes
.git\refs\tags
cluster\node_modules\.bin
cluster\node_modules\.package-lock.json
cluster\node_modules\accepts
cluster\node_modules\array-flatten
cluster\node_modules\body-parser
cluster\node_modules\bytes
cluster\node_modules\call-bind
cluster\node_modules\content-disposition
cluster\node_modules\content-type
cluster\node_modules\cookie
cluster\node_modules\cookie-signature
cluster\node_modules\debug
cluster\node_modules\define-data-property
cluster\node_modules\depd
cluster\node_modules\destroy
cluster\node_modules\ee-first
cluster\node_modules\encodeurl
cluster\node_modules\es-define-property
cluster\node_modules\es-errors
cluster\node_modules\escape-html
cluster\node_modules\etag
cluster\node_modules\express
cluster\node_modules\finalhandler
cluster\node_modules\forwarded
cluster\node_modules\fresh
cluster\node_modules\function-bind
cluster\node_modules\get-intrinsic
cluster\node_modules\gopd
cluster\node_modules\has-property-descriptors
cluster\node_modules\has-proto
cluster\node_modules\has-symbols
cluster\node_modules\hasown
cluster\node_modules\http-errors
cluster\node_modules\iconv-lite
cluster\node_modules\inherits
cluster\node_modules\ipaddr.js
cluster\node_modules\media-typer
cluster\node_modules\merge-descriptors
cluster\node_modules\methods
cluster\node_modules\mime
cluster\node_modules\mime-db
cluster\node_modules\mime-types
cluster\node_modules\ms
cluster\node_modules\negotiator
cluster\node_modules\object-inspect
cluster\node_modules\on-finished
cluster\node_modules\parseurl
cluster\node_modules\path-to-regexp
cluster\node_modules\proxy-addr
cluster\node_modules\qs
cluster\node_modules\range-parser
cluster\node_modules\raw-body
cluster\node_modules\safe-buffer
cluster\node_modules\safer-buffer
cluster\node_modules\send
cluster\node_modules\serve-static
cluster\node_modules\set-function-length
cluster\node_modules\setprototypeof
cluster\node_modules\side-channel
cluster\node_modules\statuses
cluster\node_modules\toidentifier
cluster\node_modules\type-is
cluster\node_modules\unpipe
cluster\node_modules\utils-merge
cluster\node_modules\vary
Express\node_modules\.bin
Express\node_modules\.package-lock.json
Express\node_modules\accepts
Express\node_modules\array-flatten
Express\node_modules\body-parser
Express\node_modules\bytes
Express\node_modules\call-bind
Express\node_modules\content-disposition
Express\node_modules\content-type
Express\node_modules\cookie
Express\node_modules\cookie-signature
Express\node_modules\debug
Express\node_modules\define-data-property
Express\node_modules\depd
Express\node_modules\destroy
Express\node_modules\ee-first
Express\node_modules\encodeurl
Express\node_modules\es-define-property
Express\node_modules\es-errors
Express\node_modules\escape-html
Express\node_modules\etag
Express\node_modules\express
Express\node_modules\finalhandler
Express\node_modules\forwarded
Express\node_modules\fresh
Express\node_modules\function-bind
Express\node_modules\get-intrinsic
Express\node_modules\gopd
Express\node_modules\has-property-descriptors
Express\node_modules\has-proto
Express\node_modules\has-symbols
Express\node_modules\hasown
Express\node_modules\http-errors
Express\node_modules\iconv-lite
Express\node_modules\inherits
Express\node_modules\ipaddr.js
Express\node_modules\media-typer
Express\node_modules\merge-descriptors
Express\node_modules\methods
Express\node_modules\mime
Express\node_modules\mime-db
Express\node_modules\mime-types
Express\node_modules\ms
Express\node_modules\negotiator
Express\node_modules\object-inspect
Express\node_modules\on-finished
Express\node_modules\parseurl
Express\node_modules\path-to-regexp
Express\node_modules\proxy-addr
Express\node_modules\qs
Express\node_modules\range-parser
Express\node_modules\raw-body
Express\node_modules\safe-buffer
Express\node_modules\safer-buffer
Express\node_modules\send
Express\node_modules\serve-static
Express\node_modules\set-function-length
Express\node_modules\setprototypeof
Express\node_modules\side-channel
Express\node_modules\statuses
Express\node_modules\toidentifier
Express\node_modules\type-is
Express\node_modules\unpipe
Express\node_modules\utils-merge
Express\node_modules\vary
fs\demo\main.txt
Redux\node_modules\.package-lock.json
Redux\node_modules\@reduxjs
Redux\node_modules\immer
Redux\node_modules\redux
Redux\node_modules\redux-thunk
Redux\node_modules\reselect
.git\logs\refs\heads
.git\logs\refs\remotes
.git\objects\01\c5b3d4edaf9e0efad0a7b5c6df0b020750b004
.git\objects\06\166077be4d1f620d89b9eb33c76d89e75857da
.git\objects\07\c91f853594865f71c2d6c5b6dab252fcc766ab
.git\objects\08\3a00908a6299a8ef72f477983359f5675f82ef
.git\objects\08\9117b322f5857b8bb6bccf7a659686aca067c0
.git\objects\0b\0e57d59e3e968b91e8a2ff7388b5c875132493
.git\objects\0f\2d15da92b29d328f4da484f494c5442c711b4d
.git\objects\1a\24e2a1a1d3fbd694b77bf6673ab1e1c2fd5043
.git\objects\1e\8c5a2bef1465069c3fc63ff4850e75036a39bd
.git\objects\1f\d46689ef778887c4e91ca705529c79b2ebb05e
.git\objects\22\22f40bcf2aca56c70178225cfe21cc31e2773f
.git\objects\25\59e841b02edfdc128176bfbdc0b938209a99ea
.git\objects\2b\d4485f54e3d8aaa08eec1f5fdbd525a8f5ba82
.git\objects\34\b1a2de37216b60b749c23b6f894e51d701ecf0
.git\objects\36\df4833f3b555fc772407d3c4421596c92c7de6
.git\objects\38\6b7b6946e47bc46f8138791049b4e6a7cef889
.git\objects\3a\0bb055949cdaed008f0f85e111624214213873
.git\objects\3b\5b38c9574bfd465a4d6effdd1213b43eafc92c
.git\objects\3c\9926fc58c48384546542d899382ff7042c92c3
.git\objects\40\496bec01282356e2d3e140d94a355aaf908a8c
.git\objects\40\4abb22121cdcbb710c56f4ba2684789cb2868c
.git\objects\41\840e7bc3e48cda894597cd18e562a37a174f7c
.git\objects\43\c70ce24a45a9a8f9eec7c6b6a30e0324d3078d
.git\objects\45\8367139eb9f0af3daa5449ff0a3d9e2e189582
.git\objects\48\8effa0c9440f4e214102980665781a62ba7059
.git\objects\48\e9047f0c02b482bdd43a9a1c08192f9d6a8208
.git\objects\48\f05d01d0acae75acada5bd42a3442d0699d067
.git\objects\50\19cf77d4a12e9d2db749d98d74e7094e095a0d
.git\objects\54\491f12e08014083099d3a46bf7b99f0ec22b56
.git\objects\57\90e23e328e045e66ec6f0b98526157b6c2abcf
.git\objects\58\8baaf02fe9d4825a30841314de0afd95bd9f9f
.git\objects\59\f3f7e28f2416cac957b5e35dc78839a5019e0d
.git\objects\5b\a88ff8521a50fe38222783ebfc36f8cc8be3df
.git\objects\63\aa5859daec2e6bbfaf7ec7a4ba3b3360cf5bef
.git\objects\63\e95a96338a608c218a7ef5805629878aaa951f
.git\objects\6f\2d0f89e1258564bad95175159e1d8a6abd9ddf
.git\objects\70\a05282a2ae7feba94d5e96012902d906e1e692
.git\objects\77\51de3cbb456deecd25fb22c6f575bc7a78554d
.git\objects\78\513cc3d28ce3516c93b4d425f83df247486ae5
.git\objects\78\cf442dd6ddfb0ae65836cf54124d6711a55c6d
.git\objects\80\0cfedc99595fbca392989bed3ae0755470fe20
.git\objects\81\d23e064d55249173e4dab35f1153a3a34ab644
.git\objects\82\680c530c3886540f630f643990e2ec707319d1
.git\objects\83\74adfd0549fef7cc678ab66089596afb7f8172
.git\objects\84\441fbb5709262c2bfc9b5ff0166ad4f024a1b8
.git\objects\89\5fba3740a694cec1b6336d976ba0e3f33cba88
.git\objects\8a\cca4085d0e800ffbf8fcf2d55d2a84f497f9a3
.git\objects\8b\1cff97b03a44af07d6693eef71c6428c924b39
.git\objects\91\fa5b637ec2d2a492d6b5c4bf9ba2e76ff2f352
.git\objects\96\94d429616df706508285a1ef185d40e45cdfae
.git\objects\98\3fbe8aec3f4e2d4add592bb1083b00d7366f66
.git\objects\98\eeb02e21d51c3e33105aac714852d59caebccd
.git\objects\9d\b19f63fb96592d8d3bced654a72d47c12cef97
.git\objects\a2\6c9b0dfeac3ec4fc3bd617c2fbf092cae4c060
.git\objects\b3\c7e7f514f88a2f498efd973629e42133494400
.git\objects\b8\c9463a238b7ec090ff9090234e3f34322a36df
.git\objects\bb\24d739d9c5fade336cdf76b08b784ae2594d77
.git\objects\bd\d626ce91477abbdd489b79988baebadbd3c897
.git\objects\c1\a922a9afba84293f449dc4b661124fbac2fd5d
.git\objects\c3\2319d70d3e3f75b6c9b046666af68ed52e8ce6
.git\objects\c6\53f701aff57965c171364c13205bb09678ea14
.git\objects\c7\0c2ecdb216df098ffbaba7773e6d8cf52e9bf3
.git\objects\cb\5990c7c3620f4936a3ac42b3bf335c95eef7e8
.git\objects\cb\d21cfe83fdc6c0771cdfa7a7ffdeaa25deafa0
.git\objects\d6\0ce0e6df2efd3f83c08b098d1b7b683b96ec84
.git\objects\d7\a5c6668ecfe358335724f153a5fa981d749ee8
.git\objects\d7\fa25241ac292087393a25215874844c40257e3
.git\objects\df\a9a6cdcf03e3f611cb91a59c68327d040a5d58
.git\objects\e9\b2f63fb16f8ecdeb16c8eced302612794ccf65
.git\objects\ec\ec899a992d46f2e903a87475b1c342f2ce4d30
.git\objects\f1\250e584c94b80208b61cf7cae29db8e486a5c7
.git\objects\f2\b6a8b0e3c9020746409617bcd562c9368be451
.git\objects\f5\d1b67475405284e3dac312f92ade101571329f
.git\objects\f6\661b7d33c16808aaa4a19624666bc52f5cb639
.git\objects\fb\22ecad8dc5485faf590115f0be312cbea62969
.git\objects\fc\e6283f50961e68c2f576031ed5e3d4fdc39984
.git\refs\heads\main
.git\refs\remotes\origin
cluster\node_modules\.bin\mime
cluster\node_modules\.bin\mime.cmd
cluster\node_modules\.bin\mime.ps1
cluster\node_modules\accepts\HISTORY.md
cluster\node_modules\accepts\index.js
cluster\node_modules\accepts\LICENSE
cluster\node_modules\accepts\package.json
cluster\node_modules\accepts\README.md
cluster\node_modules\array-flatten\array-flatten.js
cluster\node_modules\array-flatten\LICENSE
cluster\node_modules\array-flatten\package.json
cluster\node_modules\array-flatten\README.md
cluster\node_modules\body-parser\HISTORY.md
cluster\node_modules\body-parser\index.js
cluster\node_modules\body-parser\lib
cluster\node_modules\body-parser\LICENSE
cluster\node_modules\body-parser\package.json
cluster\node_modules\body-parser\README.md
cluster\node_modules\body-parser\SECURITY.md
cluster\node_modules\bytes\History.md
cluster\node_modules\bytes\index.js
cluster\node_modules\bytes\LICENSE
cluster\node_modules\bytes\package.json
cluster\node_modules\bytes\Readme.md
cluster\node_modules\call-bind\.eslintignore
cluster\node_modules\call-bind\.eslintrc
cluster\node_modules\call-bind\.github
cluster\node_modules\call-bind\.nycrc
cluster\node_modules\call-bind\callBound.js
cluster\node_modules\call-bind\CHANGELOG.md
cluster\node_modules\call-bind\index.js
cluster\node_modules\call-bind\LICENSE
cluster\node_modules\call-bind\package.json
cluster\node_modules\call-bind\README.md
cluster\node_modules\call-bind\test
cluster\node_modules\content-disposition\HISTORY.md
cluster\node_modules\content-disposition\index.js
cluster\node_modules\content-disposition\LICENSE
cluster\node_modules\content-disposition\package.json
cluster\node_modules\content-disposition\README.md
cluster\node_modules\content-type\HISTORY.md
cluster\node_modules\content-type\index.js
cluster\node_modules\content-type\LICENSE
cluster\node_modules\content-type\package.json
cluster\node_modules\content-type\README.md
cluster\node_modules\cookie\index.js
cluster\node_modules\cookie\LICENSE
cluster\node_modules\cookie\package.json
cluster\node_modules\cookie\README.md
cluster\node_modules\cookie\SECURITY.md
cluster\node_modules\cookie-signature\.npmignore
cluster\node_modules\cookie-signature\History.md
cluster\node_modules\cookie-signature\index.js
cluster\node_modules\cookie-signature\package.json
cluster\node_modules\cookie-signature\Readme.md
cluster\node_modules\debug\.coveralls.yml
cluster\node_modules\debug\.eslintrc
cluster\node_modules\debug\.npmignore
cluster\node_modules\debug\.travis.yml
cluster\node_modules\debug\CHANGELOG.md
cluster\node_modules\debug\component.json
cluster\node_modules\debug\karma.conf.js
cluster\node_modules\debug\LICENSE
cluster\node_modules\debug\Makefile
cluster\node_modules\debug\node.js
cluster\node_modules\debug\package.json
cluster\node_modules\debug\README.md
cluster\node_modules\debug\src
cluster\node_modules\define-data-property\.eslintrc
cluster\node_modules\define-data-property\.github
cluster\node_modules\define-data-property\.nycrc
cluster\node_modules\define-data-property\CHANGELOG.md
cluster\node_modules\define-data-property\index.d.ts
cluster\node_modules\define-data-property\index.js
cluster\node_modules\define-data-property\LICENSE
cluster\node_modules\define-data-property\package.json
cluster\node_modules\define-data-property\README.md
cluster\node_modules\define-data-property\test
cluster\node_modules\define-data-property\tsconfig.json
cluster\node_modules\depd\History.md
cluster\node_modules\depd\index.js
cluster\node_modules\depd\lib
cluster\node_modules\depd\LICENSE
cluster\node_modules\depd\package.json
cluster\node_modules\depd\Readme.md
cluster\node_modules\destroy\index.js
cluster\node_modules\destroy\LICENSE
cluster\node_modules\destroy\package.json
cluster\node_modules\destroy\README.md
cluster\node_modules\ee-first\index.js
cluster\node_modules\ee-first\LICENSE
cluster\node_modules\ee-first\package.json
cluster\node_modules\ee-first\README.md
cluster\node_modules\encodeurl\index.js
cluster\node_modules\encodeurl\LICENSE
cluster\node_modules\encodeurl\package.json
cluster\node_modules\encodeurl\README.md
cluster\node_modules\es-define-property\.eslintrc
cluster\node_modules\es-define-property\.github
cluster\node_modules\es-define-property\.nycrc
cluster\node_modules\es-define-property\CHANGELOG.md
cluster\node_modules\es-define-property\index.d.ts
cluster\node_modules\es-define-property\index.js
cluster\node_modules\es-define-property\LICENSE
cluster\node_modules\es-define-property\package.json
cluster\node_modules\es-define-property\README.md
cluster\node_modules\es-define-property\test
cluster\node_modules\es-define-property\tsconfig.json
cluster\node_modules\es-errors\.eslintrc
cluster\node_modules\es-errors\.github
cluster\node_modules\es-errors\CHANGELOG.md
cluster\node_modules\es-errors\eval.d.ts
cluster\node_modules\es-errors\eval.js
cluster\node_modules\es-errors\index.d.ts
cluster\node_modules\es-errors\index.js
cluster\node_modules\es-errors\LICENSE
cluster\node_modules\es-errors\package.json
cluster\node_modules\es-errors\range.d.ts
cluster\node_modules\es-errors\range.js
cluster\node_modules\es-errors\README.md
cluster\node_modules\es-errors\ref.d.ts
cluster\node_modules\es-errors\ref.js
cluster\node_modules\es-errors\syntax.d.ts
cluster\node_modules\es-errors\syntax.js
cluster\node_modules\es-errors\test
cluster\node_modules\es-errors\tsconfig.json
cluster\node_modules\es-errors\type.d.ts
cluster\node_modules\es-errors\type.js
cluster\node_modules\es-errors\uri.d.ts
cluster\node_modules\es-errors\uri.js
cluster\node_modules\escape-html\index.js
cluster\node_modules\escape-html\LICENSE
cluster\node_modules\escape-html\package.json
cluster\node_modules\escape-html\Readme.md
cluster\node_modules\etag\HISTORY.md
cluster\node_modules\etag\index.js
cluster\node_modules\etag\LICENSE
cluster\node_modules\etag\package.json
cluster\node_modules\etag\README.md
cluster\node_modules\express\History.md
cluster\node_modules\express\index.js
cluster\node_modules\express\lib
cluster\node_modules\express\LICENSE
cluster\node_modules\express\package.json
cluster\node_modules\express\Readme.md
cluster\node_modules\finalhandler\HISTORY.md
cluster\node_modules\finalhandler\index.js
cluster\node_modules\finalhandler\LICENSE
cluster\node_modules\finalhandler\package.json
cluster\node_modules\finalhandler\README.md
cluster\node_modules\finalhandler\SECURITY.md
cluster\node_modules\forwarded\HISTORY.md
cluster\node_modules\forwarded\index.js
cluster\node_modules\forwarded\LICENSE
cluster\node_modules\forwarded\package.json
cluster\node_modules\forwarded\README.md
cluster\node_modules\fresh\HISTORY.md
cluster\node_modules\fresh\index.js
cluster\node_modules\fresh\LICENSE
cluster\node_modules\fresh\package.json
cluster\node_modules\fresh\README.md
cluster\node_modules\function-bind\.eslintrc
cluster\node_modules\function-bind\.github
cluster\node_modules\function-bind\.nycrc
cluster\node_modules\function-bind\CHANGELOG.md
cluster\node_modules\function-bind\implementation.js
cluster\node_modules\function-bind\index.js
cluster\node_modules\function-bind\LICENSE
cluster\node_modules\function-bind\package.json
cluster\node_modules\function-bind\README.md
cluster\node_modules\function-bind\test
cluster\node_modules\get-intrinsic\.eslintrc
cluster\node_modules\get-intrinsic\.github
cluster\node_modules\get-intrinsic\.nycrc
cluster\node_modules\get-intrinsic\CHANGELOG.md
cluster\node_modules\get-intrinsic\index.js
cluster\node_modules\get-intrinsic\LICENSE
cluster\node_modules\get-intrinsic\package.json
cluster\node_modules\get-intrinsic\README.md
cluster\node_modules\get-intrinsic\test
cluster\node_modules\gopd\.eslintrc
cluster\node_modules\gopd\.github
cluster\node_modules\gopd\CHANGELOG.md
cluster\node_modules\gopd\index.js
cluster\node_modules\gopd\LICENSE
cluster\node_modules\gopd\package.json
cluster\node_modules\gopd\README.md
cluster\node_modules\gopd\test
cluster\node_modules\has-property-descriptors\.eslintrc
cluster\node_modules\has-property-descriptors\.github
cluster\node_modules\has-property-descriptors\.nycrc
cluster\node_modules\has-property-descriptors\CHANGELOG.md
cluster\node_modules\has-property-descriptors\index.js
cluster\node_modules\has-property-descriptors\LICENSE
cluster\node_modules\has-property-descriptors\package.json
cluster\node_modules\has-property-descriptors\README.md
cluster\node_modules\has-property-descriptors\test
cluster\node_modules\has-proto\.eslintrc
cluster\node_modules\has-proto\.github
cluster\node_modules\has-proto\CHANGELOG.md
cluster\node_modules\has-proto\index.d.ts
cluster\node_modules\has-proto\index.js
cluster\node_modules\has-proto\LICENSE
cluster\node_modules\has-proto\package.json
cluster\node_modules\has-proto\README.md
cluster\node_modules\has-proto\test
cluster\node_modules\has-proto\tsconfig.json
cluster\node_modules\has-symbols\.eslintrc
cluster\node_modules\has-symbols\.github
cluster\node_modules\has-symbols\.nycrc
cluster\node_modules\has-symbols\CHANGELOG.md
cluster\node_modules\has-symbols\index.js
cluster\node_modules\has-symbols\LICENSE
cluster\node_modules\has-symbols\package.json
cluster\node_modules\has-symbols\README.md
cluster\node_modules\has-symbols\shams.js
cluster\node_modules\has-symbols\test
cluster\node_modules\hasown\.eslintrc
cluster\node_modules\hasown\.github
cluster\node_modules\hasown\.nycrc
cluster\node_modules\hasown\CHANGELOG.md
cluster\node_modules\hasown\index.d.ts
cluster\node_modules\hasown\index.js
cluster\node_modules\hasown\LICENSE
cluster\node_modules\hasown\package.json
cluster\node_modules\hasown\README.md
cluster\node_modules\hasown\tsconfig.json
cluster\node_modules\http-errors\HISTORY.md
cluster\node_modules\http-errors\index.js
cluster\node_modules\http-errors\LICENSE
cluster\node_modules\http-errors\package.json
cluster\node_modules\http-errors\README.md
cluster\node_modules\iconv-lite\Changelog.md
cluster\node_modules\iconv-lite\encodings
cluster\node_modules\iconv-lite\lib
cluster\node_modules\iconv-lite\LICENSE
cluster\node_modules\iconv-lite\package.json
cluster\node_modules\iconv-lite\README.md
cluster\node_modules\inherits\inherits.js
cluster\node_modules\inherits\inherits_browser.js
cluster\node_modules\inherits\LICENSE
cluster\node_modules\inherits\package.json
cluster\node_modules\inherits\README.md
cluster\node_modules\ipaddr.js\ipaddr.min.js
cluster\node_modules\ipaddr.js\lib
cluster\node_modules\ipaddr.js\LICENSE
cluster\node_modules\ipaddr.js\package.json
cluster\node_modules\ipaddr.js\README.md
cluster\node_modules\media-typer\HISTORY.md
cluster\node_modules\media-typer\index.js
cluster\node_modules\media-typer\LICENSE
cluster\node_modules\media-typer\package.json
cluster\node_modules\media-typer\README.md
cluster\node_modules\merge-descriptors\HISTORY.md
cluster\node_modules\merge-descriptors\index.js
cluster\node_modules\merge-descriptors\LICENSE
cluster\node_modules\merge-descriptors\package.json
cluster\node_modules\merge-descriptors\README.md
cluster\node_modules\methods\HISTORY.md
cluster\node_modules\methods\index.js
cluster\node_modules\methods\LICENSE
cluster\node_modules\methods\package.json
cluster\node_modules\methods\README.md
cluster\node_modules\mime\.npmignore
cluster\node_modules\mime\CHANGELOG.md
cluster\node_modules\mime\cli.js
cluster\node_modules\mime\LICENSE
cluster\node_modules\mime\mime.js
cluster\node_modules\mime\package.json
cluster\node_modules\mime\README.md
cluster\node_modules\mime\src
cluster\node_modules\mime\types.json
cluster\node_modules\mime-db\db.json
cluster\node_modules\mime-db\HISTORY.md
cluster\node_modules\mime-db\index.js
cluster\node_modules\mime-db\LICENSE
cluster\node_modules\mime-db\package.json
cluster\node_modules\mime-db\README.md
cluster\node_modules\mime-types\HISTORY.md
cluster\node_modules\mime-types\index.js
cluster\node_modules\mime-types\LICENSE
cluster\node_modules\mime-types\package.json
cluster\node_modules\mime-types\README.md
cluster\node_modules\ms\index.js
cluster\node_modules\ms\license.md
cluster\node_modules\ms\package.json
cluster\node_modules\ms\readme.md
cluster\node_modules\negotiator\HISTORY.md
cluster\node_modules\negotiator\index.js
cluster\node_modules\negotiator\lib
cluster\node_modules\negotiator\LICENSE
cluster\node_modules\negotiator\package.json
cluster\node_modules\negotiator\README.md
cluster\node_modules\object-inspect\.eslintrc
cluster\node_modules\object-inspect\.github
cluster\node_modules\object-inspect\.nycrc
cluster\node_modules\object-inspect\CHANGELOG.md
cluster\node_modules\object-inspect\example
cluster\node_modules\object-inspect\index.js
cluster\node_modules\object-inspect\LICENSE
cluster\node_modules\object-inspect\package-support.json
cluster\node_modules\object-inspect\package.json
cluster\node_modules\object-inspect\readme.markdown
cluster\node_modules\object-inspect\test
cluster\node_modules\object-inspect\test-core-js.js
cluster\node_modules\object-inspect\util.inspect.js
cluster\node_modules\on-finished\HISTORY.md
cluster\node_modules\on-finished\index.js
cluster\node_modules\on-finished\LICENSE
cluster\node_modules\on-finished\package.json
cluster\node_modules\on-finished\README.md
cluster\node_modules\parseurl\HISTORY.md
cluster\node_modules\parseurl\index.js
cluster\node_modules\parseurl\LICENSE
cluster\node_modules\parseurl\package.json
cluster\node_modules\parseurl\README.md
cluster\node_modules\path-to-regexp\index.js
cluster\node_modules\path-to-regexp\LICENSE
cluster\node_modules\path-to-regexp\package.json
cluster\node_modules\path-to-regexp\Readme.md
cluster\node_modules\proxy-addr\HISTORY.md
cluster\node_modules\proxy-addr\index.js
cluster\node_modules\proxy-addr\LICENSE
cluster\node_modules\proxy-addr\package.json
cluster\node_modules\proxy-addr\README.md
cluster\node_modules\qs\.editorconfig
cluster\node_modules\qs\.eslintrc
cluster\node_modules\qs\.github
cluster\node_modules\qs\.nycrc
cluster\node_modules\qs\CHANGELOG.md
cluster\node_modules\qs\dist
cluster\node_modules\qs\lib
cluster\node_modules\qs\LICENSE.md
cluster\node_modules\qs\package.json
cluster\node_modules\qs\README.md
cluster\node_modules\qs\test
cluster\node_modules\range-parser\HISTORY.md
cluster\node_modules\range-parser\index.js
cluster\node_modules\range-parser\LICENSE
cluster\node_modules\range-parser\package.json
cluster\node_modules\range-parser\README.md
cluster\node_modules\raw-body\HISTORY.md
cluster\node_modules\raw-body\index.d.ts
cluster\node_modules\raw-body\index.js
cluster\node_modules\raw-body\LICENSE
cluster\node_modules\raw-body\package.json
cluster\node_modules\raw-body\README.md
cluster\node_modules\raw-body\SECURITY.md
cluster\node_modules\safe-buffer\index.d.ts
cluster\node_modules\safe-buffer\index.js
cluster\node_modules\safe-buffer\LICENSE
cluster\node_modules\safe-buffer\package.json
cluster\node_modules\safe-buffer\README.md
cluster\node_modules\safer-buffer\dangerous.js
cluster\node_modules\safer-buffer\LICENSE
cluster\node_modules\safer-buffer\package.json
cluster\node_modules\safer-buffer\Porting-Buffer.md
cluster\node_modules\safer-buffer\Readme.md
cluster\node_modules\safer-buffer\safer.js
cluster\node_modules\safer-buffer\tests.js
cluster\node_modules\send\HISTORY.md
cluster\node_modules\send\index.js
cluster\node_modules\send\LICENSE
cluster\node_modules\send\node_modules
cluster\node_modules\send\package.json
cluster\node_modules\send\README.md
cluster\node_modules\send\SECURITY.md
cluster\node_modules\serve-static\HISTORY.md
cluster\node_modules\serve-static\index.js
cluster\node_modules\serve-static\LICENSE
cluster\node_modules\serve-static\package.json
cluster\node_modules\serve-static\README.md
cluster\node_modules\set-function-length\.eslintrc
cluster\node_modules\set-function-length\.github
cluster\node_modules\set-function-length\.nycrc
cluster\node_modules\set-function-length\CHANGELOG.md
cluster\node_modules\set-function-length\env.d.ts
cluster\node_modules\set-function-length\env.js
cluster\node_modules\set-function-length\index.d.ts
cluster\node_modules\set-function-length\index.js
cluster\node_modules\set-function-length\LICENSE
cluster\node_modules\set-function-length\package.json
cluster\node_modules\set-function-length\README.md
cluster\node_modules\set-function-length\tsconfig.json
cluster\node_modules\setprototypeof\index.d.ts
cluster\node_modules\setprototypeof\index.js
cluster\node_modules\setprototypeof\LICENSE
cluster\node_modules\setprototypeof\package.json
cluster\node_modules\setprototypeof\README.md
cluster\node_modules\setprototypeof\test
cluster\node_modules\side-channel\.editorconfig
cluster\node_modules\side-channel\.eslintrc
cluster\node_modules\side-channel\.github
cluster\node_modules\side-channel\.nycrc
cluster\node_modules\side-channel\CHANGELOG.md
cluster\node_modules\side-channel\index.d.ts
cluster\node_modules\side-channel\index.js
cluster\node_modules\side-channel\LICENSE
cluster\node_modules\side-channel\package.json
cluster\node_modules\side-channel\README.md
cluster\node_modules\side-channel\test
cluster\node_modules\side-channel\tsconfig.json
cluster\node_modules\statuses\codes.json
cluster\node_modules\statuses\HISTORY.md
cluster\node_modules\statuses\index.js
cluster\node_modules\statuses\LICENSE
cluster\node_modules\statuses\package.json
cluster\node_modules\statuses\README.md
cluster\node_modules\toidentifier\HISTORY.md
cluster\node_modules\toidentifier\index.js
cluster\node_modules\toidentifier\LICENSE
cluster\node_modules\toidentifier\package.json
cluster\node_modules\toidentifier\README.md
cluster\node_modules\type-is\HISTORY.md
cluster\node_modules\type-is\index.js
cluster\node_modules\type-is\LICENSE
cluster\node_modules\type-is\package.json
cluster\node_modules\type-is\README.md
cluster\node_modules\unpipe\HISTORY.md
cluster\node_modules\unpipe\index.js
cluster\node_modules\unpipe\LICENSE
cluster\node_modules\unpipe\package.json
cluster\node_modules\unpipe\README.md
cluster\node_modules\utils-merge\.npmignore
cluster\node_modules\utils-merge\index.js
cluster\node_modules\utils-merge\LICENSE
cluster\node_modules\utils-merge\package.json
cluster\node_modules\utils-merge\README.md
cluster\node_modules\vary\HISTORY.md
cluster\node_modules\vary\index.js
cluster\node_modules\vary\LICENSE
cluster\node_modules\vary\package.json
cluster\node_modules\vary\README.md
Express\node_modules\.bin\mime
Express\node_modules\.bin\mime.cmd
Express\node_modules\.bin\mime.ps1
Express\node_modules\accepts\HISTORY.md
Express\node_modules\accepts\index.js
Express\node_modules\accepts\LICENSE
Express\node_modules\accepts\package.json
Express\node_modules\accepts\README.md
Express\node_modules\array-flatten\array-flatten.js
Express\node_modules\array-flatten\LICENSE
Express\node_modules\array-flatten\package.json
Express\node_modules\array-flatten\README.md
Express\node_modules\body-parser\HISTORY.md
Express\node_modules\body-parser\index.js
Express\node_modules\body-parser\lib
Express\node_modules\body-parser\LICENSE
Express\node_modules\body-parser\package.json
Express\node_modules\body-parser\README.md
Express\node_modules\body-parser\SECURITY.md
Express\node_modules\bytes\History.md
Express\node_modules\bytes\index.js
Express\node_modules\bytes\LICENSE
Express\node_modules\bytes\package.json
Express\node_modules\bytes\Readme.md
Express\node_modules\call-bind\.eslintignore
Express\node_modules\call-bind\.eslintrc
Express\node_modules\call-bind\.github
Express\node_modules\call-bind\.nycrc
Express\node_modules\call-bind\callBound.js
Express\node_modules\call-bind\CHANGELOG.md
Express\node_modules\call-bind\index.js
Express\node_modules\call-bind\LICENSE
Express\node_modules\call-bind\package.json
Express\node_modules\call-bind\README.md
Express\node_modules\call-bind\test
Express\node_modules\content-disposition\HISTORY.md
Express\node_modules\content-disposition\index.js
Express\node_modules\content-disposition\LICENSE
Express\node_modules\content-disposition\package.json
Express\node_modules\content-disposition\README.md
Express\node_modules\content-type\HISTORY.md
Express\node_modules\content-type\index.js
Express\node_modules\content-type\LICENSE
Express\node_modules\content-type\package.json
Express\node_modules\content-type\README.md
Express\node_modules\cookie\index.js
Express\node_modules\cookie\LICENSE
Express\node_modules\cookie\package.json
Express\node_modules\cookie\README.md
Express\node_modules\cookie\SECURITY.md
Express\node_modules\cookie-signature\.npmignore
Express\node_modules\cookie-signature\History.md
Express\node_modules\cookie-signature\index.js
Express\node_modules\cookie-signature\package.json
Express\node_modules\cookie-signature\Readme.md
Express\node_modules\debug\.coveralls.yml
Express\node_modules\debug\.eslintrc
Express\node_modules\debug\.npmignore
Express\node_modules\debug\.travis.yml
Express\node_modules\debug\CHANGELOG.md
Express\node_modules\debug\component.json
Express\node_modules\debug\karma.conf.js
Express\node_modules\debug\LICENSE
Express\node_modules\debug\Makefile
Express\node_modules\debug\node.js
Express\node_modules\debug\package.json
Express\node_modules\debug\README.md
Express\node_modules\debug\src
Express\node_modules\define-data-property\.eslintrc
Express\node_modules\define-data-property\.github
Express\node_modules\define-data-property\.nycrc
Express\node_modules\define-data-property\CHANGELOG.md
Express\node_modules\define-data-property\index.d.ts
Express\node_modules\define-data-property\index.js
Express\node_modules\define-data-property\LICENSE
Express\node_modules\define-data-property\package.json
Express\node_modules\define-data-property\README.md
Express\node_modules\define-data-property\test
Express\node_modules\define-data-property\tsconfig.json
Express\node_modules\depd\History.md
Express\node_modules\depd\index.js
Express\node_modules\depd\lib
Express\node_modules\depd\LICENSE
Express\node_modules\depd\package.json
Express\node_modules\depd\Readme.md
Express\node_modules\destroy\index.js
Express\node_modules\destroy\LICENSE
Express\node_modules\destroy\package.json
Express\node_modules\destroy\README.md
Express\node_modules\ee-first\index.js
Express\node_modules\ee-first\LICENSE
Express\node_modules\ee-first\package.json
Express\node_modules\ee-first\README.md
Express\node_modules\encodeurl\index.js
Express\node_modules\encodeurl\LICENSE
Express\node_modules\encodeurl\package.json
Express\node_modules\encodeurl\README.md
Express\node_modules\es-define-property\.eslintrc
Express\node_modules\es-define-property\.github
Express\node_modules\es-define-property\.nycrc
Express\node_modules\es-define-property\CHANGELOG.md
Express\node_modules\es-define-property\index.d.ts
Express\node_modules\es-define-property\index.js
Express\node_modules\es-define-property\LICENSE
Express\node_modules\es-define-property\package.json
Express\node_modules\es-define-property\README.md
Express\node_modules\es-define-property\test
Express\node_modules\es-define-property\tsconfig.json
Express\node_modules\es-errors\.eslintrc
Express\node_modules\es-errors\.github
Express\node_modules\es-errors\CHANGELOG.md
Express\node_modules\es-errors\eval.d.ts
Express\node_modules\es-errors\eval.js
Express\node_modules\es-errors\index.d.ts
Express\node_modules\es-errors\index.js
Express\node_modules\es-errors\LICENSE
Express\node_modules\es-errors\package.json
Express\node_modules\es-errors\range.d.ts
Express\node_modules\es-errors\range.js
Express\node_modules\es-errors\README.md
Express\node_modules\es-errors\ref.d.ts
Express\node_modules\es-errors\ref.js
Express\node_modules\es-errors\syntax.d.ts
Express\node_modules\es-errors\syntax.js
Express\node_modules\es-errors\test
Express\node_modules\es-errors\tsconfig.json
Express\node_modules\es-errors\type.d.ts
Express\node_modules\es-errors\type.js
Express\node_modules\es-errors\uri.d.ts
Express\node_modules\es-errors\uri.js
Express\node_modules\escape-html\index.js
Express\node_modules\escape-html\LICENSE
Express\node_modules\escape-html\package.json
Express\node_modules\escape-html\Readme.md
Express\node_modules\etag\HISTORY.md
Express\node_modules\etag\index.js
Express\node_modules\etag\LICENSE
Express\node_modules\etag\package.json
Express\node_modules\etag\README.md
Express\node_modules\express\History.md
Express\node_modules\express\index.js
Express\node_modules\express\lib
Express\node_modules\express\LICENSE
Express\node_modules\express\package.json
Express\node_modules\express\Readme.md
Express\node_modules\finalhandler\HISTORY.md
Express\node_modules\finalhandler\index.js
Express\node_modules\finalhandler\LICENSE
Express\node_modules\finalhandler\package.json
Express\node_modules\finalhandler\README.md
Express\node_modules\finalhandler\SECURITY.md
Express\node_modules\forwarded\HISTORY.md
Express\node_modules\forwarded\index.js
Express\node_modules\forwarded\LICENSE
Express\node_modules\forwarded\package.json
Express\node_modules\forwarded\README.md
Express\node_modules\fresh\HISTORY.md
Express\node_modules\fresh\index.js
Express\node_modules\fresh\LICENSE
Express\node_modules\fresh\package.json
Express\node_modules\fresh\README.md
Express\node_modules\function-bind\.eslintrc
Express\node_modules\function-bind\.github
Express\node_modules\function-bind\.nycrc
Express\node_modules\function-bind\CHANGELOG.md
Express\node_modules\function-bind\implementation.js
Express\node_modules\function-bind\index.js
Express\node_modules\function-bind\LICENSE
Express\node_modules\function-bind\package.json
Express\node_modules\function-bind\README.md
Express\node_modules\function-bind\test
Express\node_modules\get-intrinsic\.eslintrc
Express\node_modules\get-intrinsic\.github
Express\node_modules\get-intrinsic\.nycrc
Express\node_modules\get-intrinsic\CHANGELOG.md
Express\node_modules\get-intrinsic\index.js
Express\node_modules\get-intrinsic\LICENSE
Express\node_modules\get-intrinsic\package.json
Express\node_modules\get-intrinsic\README.md
Express\node_modules\get-intrinsic\test
Express\node_modules\gopd\.eslintrc
Express\node_modules\gopd\.github
Express\node_modules\gopd\CHANGELOG.md
Express\node_modules\gopd\index.js
Express\node_modules\gopd\LICENSE
Express\node_modules\gopd\package.json
Express\node_modules\gopd\README.md
Express\node_modules\gopd\test
Express\node_modules\has-property-descriptors\.eslintrc
Express\node_modules\has-property-descriptors\.github
Express\node_modules\has-property-descriptors\.nycrc
Express\node_modules\has-property-descriptors\CHANGELOG.md
Express\node_modules\has-property-descriptors\index.js
Express\node_modules\has-property-descriptors\LICENSE
Express\node_modules\has-property-descriptors\package.json
Express\node_modules\has-property-descriptors\README.md
Express\node_modules\has-property-descriptors\test
Express\node_modules\has-proto\.eslintrc
Express\node_modules\has-proto\.github
Express\node_modules\has-proto\CHANGELOG.md
Express\node_modules\has-proto\index.d.ts
Express\node_modules\has-proto\index.js
Express\node_modules\has-proto\LICENSE
Express\node_modules\has-proto\package.json
Express\node_modules\has-proto\README.md
Express\node_modules\has-proto\test
Express\node_modules\has-proto\tsconfig.json
Express\node_modules\has-symbols\.eslintrc
Express\node_modules\has-symbols\.github
Express\node_modules\has-symbols\.nycrc
Express\node_modules\has-symbols\CHANGELOG.md
Express\node_modules\has-symbols\index.js
Express\node_modules\has-symbols\LICENSE
Express\node_modules\has-symbols\package.json
Express\node_modules\has-symbols\README.md
Express\node_modules\has-symbols\shams.js
Express\node_modules\has-symbols\test
Express\node_modules\hasown\.eslintrc
Express\node_modules\hasown\.github
Express\node_modules\hasown\.nycrc
Express\node_modules\hasown\CHANGELOG.md
Express\node_modules\hasown\index.d.ts
Express\node_modules\hasown\index.js
Express\node_modules\hasown\LICENSE
Express\node_modules\hasown\package.json
Express\node_modules\hasown\README.md
Express\node_modules\hasown\tsconfig.json
Express\node_modules\http-errors\HISTORY.md
Express\node_modules\http-errors\index.js
Express\node_modules\http-errors\LICENSE
Express\node_modules\http-errors\package.json
Express\node_modules\http-errors\README.md
Express\node_modules\iconv-lite\Changelog.md
Express\node_modules\iconv-lite\encodings
Express\node_modules\iconv-lite\lib
Express\node_modules\iconv-lite\LICENSE
Express\node_modules\iconv-lite\package.json
Express\node_modules\iconv-lite\README.md
Express\node_modules\inherits\inherits.js
Express\node_modules\inherits\inherits_browser.js
Express\node_modules\inherits\LICENSE
Express\node_modules\inherits\package.json
Express\node_modules\inherits\README.md
Express\node_modules\ipaddr.js\ipaddr.min.js
Express\node_modules\ipaddr.js\lib
Express\node_modules\ipaddr.js\LICENSE
Express\node_modules\ipaddr.js\package.json
Express\node_modules\ipaddr.js\README.md
Express\node_modules\media-typer\HISTORY.md
Express\node_modules\media-typer\index.js
Express\node_modules\media-typer\LICENSE
Express\node_modules\media-typer\package.json
Express\node_modules\media-typer\README.md
Express\node_modules\merge-descriptors\HISTORY.md
Express\node_modules\merge-descriptors\index.js
Express\node_modules\merge-descriptors\LICENSE
Express\node_modules\merge-descriptors\package.json
Express\node_modules\merge-descriptors\README.md
Express\node_modules\methods\HISTORY.md
Express\node_modules\methods\index.js
Express\node_modules\methods\LICENSE
Express\node_modules\methods\package.json
Express\node_modules\methods\README.md
Express\node_modules\mime\.npmignore
Express\node_modules\mime\CHANGELOG.md
Express\node_modules\mime\cli.js
Express\node_modules\mime\LICENSE
Express\node_modules\mime\mime.js
Express\node_modules\mime\package.json
Express\node_modules\mime\README.md
Express\node_modules\mime\src
Express\node_modules\mime\types.json
Express\node_modules\mime-db\db.json
Express\node_modules\mime-db\HISTORY.md
Express\node_modules\mime-db\index.js
Express\node_modules\mime-db\LICENSE
Express\node_modules\mime-db\package.json
Express\node_modules\mime-db\README.md
Express\node_modules\mime-types\HISTORY.md
Express\node_modules\mime-types\index.js
Express\node_modules\mime-types\LICENSE
Express\node_modules\mime-types\package.json
Express\node_modules\mime-types\README.md
Express\node_modules\ms\index.js
Express\node_modules\ms\license.md
Express\node_modules\ms\package.json
Express\node_modules\ms\readme.md
Express\node_modules\negotiator\HISTORY.md
Express\node_modules\negotiator\index.js
Express\node_modules\negotiator\lib
Express\node_modules\negotiator\LICENSE
Express\node_modules\negotiator\package.json
Express\node_modules\negotiator\README.md
Express\node_modules\object-inspect\.eslintrc
Express\node_modules\object-inspect\.github
Express\node_modules\object-inspect\.nycrc
Express\node_modules\object-inspect\CHANGELOG.md
Express\node_modules\object-inspect\example
Express\node_modules\object-inspect\index.js
Express\node_modules\object-inspect\LICENSE
Express\node_modules\object-inspect\package-support.json
Express\node_modules\object-inspect\package.json
Express\node_modules\object-inspect\readme.markdown
Express\node_modules\object-inspect\test
Express\node_modules\object-inspect\test-core-js.js
Express\node_modules\object-inspect\util.inspect.js
Express\node_modules\on-finished\HISTORY.md
Express\node_modules\on-finished\index.js
Express\node_modules\on-finished\LICENSE
Express\node_modules\on-finished\package.json
Express\node_modules\on-finished\README.md
Express\node_modules\parseurl\HISTORY.md
Express\node_modules\parseurl\index.js
Express\node_modules\parseurl\LICENSE
Express\node_modules\parseurl\package.json
Express\node_modules\parseurl\README.md
Express\node_modules\path-to-regexp\index.js
Express\node_modules\path-to-regexp\LICENSE
Express\node_modules\path-to-regexp\package.json
Express\node_modules\path-to-regexp\Readme.md
Express\node_modules\proxy-addr\HISTORY.md
Express\node_modules\proxy-addr\index.js
Express\node_modules\proxy-addr\LICENSE
Express\node_modules\proxy-addr\package.json
Express\node_modules\proxy-addr\README.md
Express\node_modules\qs\.editorconfig
Express\node_modules\qs\.eslintrc
Express\node_modules\qs\.github
Express\node_modules\qs\.nycrc
Express\node_modules\qs\CHANGELOG.md
Express\node_modules\qs\dist
Express\node_modules\qs\lib
Express\node_modules\qs\LICENSE.md
Express\node_modules\qs\package.json
Express\node_modules\qs\README.md
Express\node_modules\qs\test
Express\node_modules\range-parser\HISTORY.md
Express\node_modules\range-parser\index.js
Express\node_modules\range-parser\LICENSE
Express\node_modules\range-parser\package.json
Express\node_modules\range-parser\README.md
Express\node_modules\raw-body\HISTORY.md
Express\node_modules\raw-body\index.d.ts
Express\node_modules\raw-body\index.js
Express\node_modules\raw-body\LICENSE
Express\node_modules\raw-body\package.json
Express\node_modules\raw-body\README.md
Express\node_modules\raw-body\SECURITY.md
Express\node_modules\safe-buffer\index.d.ts
Express\node_modules\safe-buffer\index.js
Express\node_modules\safe-buffer\LICENSE
Express\node_modules\safe-buffer\package.json
Express\node_modules\safe-buffer\README.md
Express\node_modules\safer-buffer\dangerous.js
Express\node_modules\safer-buffer\LICENSE
Express\node_modules\safer-buffer\package.json
Express\node_modules\safer-buffer\Porting-Buffer.md
Express\node_modules\safer-buffer\Readme.md
Express\node_modules\safer-buffer\safer.js
Express\node_modules\safer-buffer\tests.js
Express\node_modules\send\HISTORY.md
Express\node_modules\send\index.js
Express\node_modules\send\LICENSE
Express\node_modules\send\node_modules
Express\node_modules\send\package.json
Express\node_modules\send\README.md
Express\node_modules\send\SECURITY.md
Express\node_modules\serve-static\HISTORY.md
Express\node_modules\serve-static\index.js
Express\node_modules\serve-static\LICENSE
Express\node_modules\serve-static\package.json
Express\node_modules\serve-static\README.md
Express\node_modules\set-function-length\.eslintrc
Express\node_modules\set-function-length\.github
Express\node_modules\set-function-length\.nycrc
Express\node_modules\set-function-length\CHANGELOG.md
Express\node_modules\set-function-length\env.d.ts
Express\node_modules\set-function-length\env.js
Express\node_modules\set-function-length\index.d.ts
Express\node_modules\set-function-length\index.js
Express\node_modules\set-function-length\LICENSE
Express\node_modules\set-function-length\package.json
Express\node_modules\set-function-length\README.md
Express\node_modules\set-function-length\tsconfig.json
Express\node_modules\setprototypeof\index.d.ts
Express\node_modules\setprototypeof\index.js
Express\node_modules\setprototypeof\LICENSE
Express\node_modules\setprototypeof\package.json
Express\node_modules\setprototypeof\README.md
Express\node_modules\setprototypeof\test
Express\node_modules\side-channel\.editorconfig
Express\node_modules\side-channel\.eslintrc
Express\node_modules\side-channel\.github
Express\node_modules\side-channel\.nycrc
Express\node_modules\side-channel\CHANGELOG.md
Express\node_modules\side-channel\index.d.ts
Express\node_modules\side-channel\index.js
Express\node_modules\side-channel\LICENSE
Express\node_modules\side-channel\package.json
Express\node_modules\side-channel\README.md
Express\node_modules\side-channel\test
Express\node_modules\side-channel\tsconfig.json
Express\node_modules\statuses\codes.json
Express\node_modules\statuses\HISTORY.md
Express\node_modules\statuses\index.js
Express\node_modules\statuses\LICENSE
Express\node_modules\statuses\package.json
Express\node_modules\statuses\README.md
Express\node_modules\toidentifier\HISTORY.md
Express\node_modules\toidentifier\index.js
Express\node_modules\toidentifier\LICENSE
Express\node_modules\toidentifier\package.json
Express\node_modules\toidentifier\README.md
Express\node_modules\type-is\HISTORY.md
Express\node_modules\type-is\index.js
Express\node_modules\type-is\LICENSE
Express\node_modules\type-is\package.json
Express\node_modules\type-is\README.md
Express\node_modules\unpipe\HISTORY.md
Express\node_modules\unpipe\index.js
Express\node_modules\unpipe\LICENSE
Express\node_modules\unpipe\package.json
Express\node_modules\unpipe\README.md
Express\node_modules\utils-merge\.npmignore
Express\node_modules\utils-merge\index.js
Express\node_modules\utils-merge\LICENSE
Express\node_modules\utils-merge\package.json
Express\node_modules\utils-merge\README.md
Express\node_modules\vary\HISTORY.md
Express\node_modules\vary\index.js
Express\node_modules\vary\LICENSE
Express\node_modules\vary\package.json
Express\node_modules\vary\README.md
Redux\node_modules\@reduxjs\toolkit
Redux\node_modules\immer\dist
Redux\node_modules\immer\LICENSE
Redux\node_modules\immer\package.json
Redux\node_modules\immer\readme.md
Redux\node_modules\immer\src
Redux\node_modules\redux\dist
Redux\node_modules\redux\LICENSE.md
Redux\node_modules\redux\package.json
Redux\node_modules\redux\README.md
Redux\node_modules\redux\src
Redux\node_modules\redux-thunk\dist
Redux\node_modules\redux-thunk\LICENSE.md
Redux\node_modules\redux-thunk\package.json
Redux\node_modules\redux-thunk\README.md
Redux\node_modules\redux-thunk\src
Redux\node_modules\reselect\dist
Redux\node_modules\reselect\LICENSE
Redux\node_modules\reselect\package.json
Redux\node_modules\reselect\README.md
Redux\node_modules\reselect\src
.git\logs\refs\heads\main
.git\logs\refs\remotes\origin
.git\refs\remotes\origin\main
cluster\node_modules\body-parser\lib\read.js
cluster\node_modules\body-parser\lib\types
cluster\node_modules\call-bind\.github\FUNDING.yml
cluster\node_modules\call-bind\test\callBound.js
cluster\node_modules\call-bind\test\index.js
cluster\node_modules\debug\src\browser.js
cluster\node_modules\debug\src\debug.js
cluster\node_modules\debug\src\index.js
cluster\node_modules\debug\src\inspector-log.js
cluster\node_modules\debug\src\node.js
cluster\node_modules\define-data-property\.github\FUNDING.yml
cluster\node_modules\define-data-property\test\index.js
cluster\node_modules\depd\lib\browser
cluster\node_modules\es-define-property\.github\FUNDING.yml
cluster\node_modules\es-define-property\test\index.js
cluster\node_modules\es-errors\.github\FUNDING.yml
cluster\node_modules\es-errors\test\index.js
cluster\node_modules\express\lib\application.js
cluster\node_modules\express\lib\express.js
cluster\node_modules\express\lib\middleware
cluster\node_modules\express\lib\request.js
cluster\node_modules\express\lib\response.js
cluster\node_modules\express\lib\router
cluster\node_modules\express\lib\utils.js
cluster\node_modules\express\lib\view.js
cluster\node_modules\function-bind\.github\FUNDING.yml
cluster\node_modules\function-bind\.github\SECURITY.md
cluster\node_modules\function-bind\test\.eslintrc
cluster\node_modules\function-bind\test\index.js
cluster\node_modules\get-intrinsic\.github\FUNDING.yml
cluster\node_modules\get-intrinsic\test\GetIntrinsic.js
cluster\node_modules\gopd\.github\FUNDING.yml
cluster\node_modules\gopd\test\index.js
cluster\node_modules\has-property-descriptors\.github\FUNDING.yml
cluster\node_modules\has-property-descriptors\test\index.js
cluster\node_modules\has-proto\.github\FUNDING.yml
cluster\node_modules\has-proto\test\index.js
cluster\node_modules\has-symbols\.github\FUNDING.yml
cluster\node_modules\has-symbols\test\index.js
cluster\node_modules\has-symbols\test\shams
cluster\node_modules\has-symbols\test\tests.js
cluster\node_modules\hasown\.github\FUNDING.yml
cluster\node_modules\iconv-lite\encodings\dbcs-codec.js
cluster\node_modules\iconv-lite\encodings\dbcs-data.js
cluster\node_modules\iconv-lite\encodings\index.js
cluster\node_modules\iconv-lite\encodings\internal.js
cluster\node_modules\iconv-lite\encodings\sbcs-codec.js
cluster\node_modules\iconv-lite\encodings\sbcs-data-generated.js
cluster\node_modules\iconv-lite\encodings\sbcs-data.js
cluster\node_modules\iconv-lite\encodings\tables
cluster\node_modules\iconv-lite\encodings\utf16.js
cluster\node_modules\iconv-lite\encodings\utf7.js
cluster\node_modules\iconv-lite\lib\bom-handling.js
cluster\node_modules\iconv-lite\lib\extend-node.js
cluster\node_modules\iconv-lite\lib\index.d.ts
cluster\node_modules\iconv-lite\lib\index.js
cluster\node_modules\iconv-lite\lib\streams.js
cluster\node_modules\ipaddr.js\lib\ipaddr.js
cluster\node_modules\ipaddr.js\lib\ipaddr.js.d.ts
cluster\node_modules\mime\src\build.js
cluster\node_modules\mime\src\test.js
cluster\node_modules\negotiator\lib\charset.js
cluster\node_modules\negotiator\lib\encoding.js
cluster\node_modules\negotiator\lib\language.js
cluster\node_modules\negotiator\lib\mediaType.js
cluster\node_modules\object-inspect\.github\FUNDING.yml
cluster\node_modules\object-inspect\example\all.js
cluster\node_modules\object-inspect\example\circular.js
cluster\node_modules\object-inspect\example\fn.js
cluster\node_modules\object-inspect\example\inspect.js
cluster\node_modules\object-inspect\test\bigint.js
cluster\node_modules\object-inspect\test\browser
cluster\node_modules\object-inspect\test\circular.js
cluster\node_modules\object-inspect\test\deep.js
cluster\node_modules\object-inspect\test\element.js
cluster\node_modules\object-inspect\test\err.js
cluster\node_modules\object-inspect\test\fakes.js
cluster\node_modules\object-inspect\test\fn.js
cluster\node_modules\object-inspect\test\global.js
cluster\node_modules\object-inspect\test\has.js
cluster\node_modules\object-inspect\test\holes.js
cluster\node_modules\object-inspect\test\indent-option.js
cluster\node_modules\object-inspect\test\inspect.js
cluster\node_modules\object-inspect\test\lowbyte.js
cluster\node_modules\object-inspect\test\number.js
cluster\node_modules\object-inspect\test\quoteStyle.js
cluster\node_modules\object-inspect\test\toStringTag.js
cluster\node_modules\object-inspect\test\undef.js
cluster\node_modules\object-inspect\test\values.js
cluster\node_modules\qs\.github\FUNDING.yml
cluster\node_modules\qs\dist\qs.js
cluster\node_modules\qs\lib\formats.js
cluster\node_modules\qs\lib\index.js
cluster\node_modules\qs\lib\parse.js
cluster\node_modules\qs\lib\stringify.js
cluster\node_modules\qs\lib\utils.js
cluster\node_modules\qs\test\empty-keys-cases.js
cluster\node_modules\qs\test\parse.js
cluster\node_modules\qs\test\stringify.js
cluster\node_modules\qs\test\utils.js
cluster\node_modules\send\node_modules\encodeurl
cluster\node_modules\send\node_modules\ms
cluster\node_modules\set-function-length\.github\FUNDING.yml
cluster\node_modules\setprototypeof\test\index.js
cluster\node_modules\side-channel\.github\FUNDING.yml
cluster\node_modules\side-channel\test\index.js
Express\node_modules\body-parser\lib\read.js
Express\node_modules\body-parser\lib\types
Express\node_modules\call-bind\.github\FUNDING.yml
Express\node_modules\call-bind\test\callBound.js
Express\node_modules\call-bind\test\index.js
Express\node_modules\debug\src\browser.js
Express\node_modules\debug\src\debug.js
Express\node_modules\debug\src\index.js
Express\node_modules\debug\src\inspector-log.js
Express\node_modules\debug\src\node.js
Express\node_modules\define-data-property\.github\FUNDING.yml
Express\node_modules\define-data-property\test\index.js
Express\node_modules\depd\lib\browser
Express\node_modules\es-define-property\.github\FUNDING.yml
Express\node_modules\es-define-property\test\index.js
Express\node_modules\es-errors\.github\FUNDING.yml
Express\node_modules\es-errors\test\index.js
Express\node_modules\express\lib\application.js
Express\node_modules\express\lib\express.js
Express\node_modules\express\lib\middleware
Express\node_modules\express\lib\request.js
Express\node_modules\express\lib\response.js
Express\node_modules\express\lib\router
Express\node_modules\express\lib\utils.js
Express\node_modules\express\lib\view.js
Express\node_modules\function-bind\.github\FUNDING.yml
Express\node_modules\function-bind\.github\SECURITY.md
Express\node_modules\function-bind\test\.eslintrc
Express\node_modules\function-bind\test\index.js
Express\node_modules\get-intrinsic\.github\FUNDING.yml
Express\node_modules\get-intrinsic\test\GetIntrinsic.js
Express\node_modules\gopd\.github\FUNDING.yml
Express\node_modules\gopd\test\index.js
Express\node_modules\has-property-descriptors\.github\FUNDING.yml
Express\node_modules\has-property-descriptors\test\index.js
Express\node_modules\has-proto\.github\FUNDING.yml
Express\node_modules\has-proto\test\index.js
Express\node_modules\has-symbols\.github\FUNDING.yml
Express\node_modules\has-symbols\test\index.js
Express\node_modules\has-symbols\test\shams
Express\node_modules\has-symbols\test\tests.js
Express\node_modules\hasown\.github\FUNDING.yml
Express\node_modules\iconv-lite\encodings\dbcs-codec.js
Express\node_modules\iconv-lite\encodings\dbcs-data.js
Express\node_modules\iconv-lite\encodings\index.js
Express\node_modules\iconv-lite\encodings\internal.js
Express\node_modules\iconv-lite\encodings\sbcs-codec.js
Express\node_modules\iconv-lite\encodings\sbcs-data-generated.js
Express\node_modules\iconv-lite\encodings\sbcs-data.js
Express\node_modules\iconv-lite\encodings\tables
Express\node_modules\iconv-lite\encodings\utf16.js
Express\node_modules\iconv-lite\encodings\utf7.js
Express\node_modules\iconv-lite\lib\bom-handling.js
Express\node_modules\iconv-lite\lib\extend-node.js
Express\node_modules\iconv-lite\lib\index.d.ts
Express\node_modules\iconv-lite\lib\index.js
Express\node_modules\iconv-lite\lib\streams.js
Express\node_modules\ipaddr.js\lib\ipaddr.js
Express\node_modules\ipaddr.js\lib\ipaddr.js.d.ts
Express\node_modules\mime\src\build.js
Express\node_modules\mime\src\test.js
Express\node_modules\negotiator\lib\charset.js
Express\node_modules\negotiator\lib\encoding.js
Express\node_modules\negotiator\lib\language.js
Express\node_modules\negotiator\lib\mediaType.js
Express\node_modules\object-inspect\.github\FUNDING.yml
Express\node_modules\object-inspect\example\all.js
Express\node_modules\object-inspect\example\circular.js
Express\node_modules\object-inspect\example\fn.js
Express\node_modules\object-inspect\example\inspect.js
Express\node_modules\object-inspect\test\bigint.js
Express\node_modules\object-inspect\test\browser
Express\node_modules\object-inspect\test\circular.js
Express\node_modules\object-inspect\test\deep.js
Express\node_modules\object-inspect\test\element.js
Express\node_modules\object-inspect\test\err.js
Express\node_modules\object-inspect\test\fakes.js
Express\node_modules\object-inspect\test\fn.js
Express\node_modules\object-inspect\test\global.js
Express\node_modules\object-inspect\test\has.js
Express\node_modules\object-inspect\test\holes.js
Express\node_modules\object-inspect\test\indent-option.js
Express\node_modules\object-inspect\test\inspect.js
Express\node_modules\object-inspect\test\lowbyte.js
Express\node_modules\object-inspect\test\number.js
Express\node_modules\object-inspect\test\quoteStyle.js
Express\node_modules\object-inspect\test\toStringTag.js
Express\node_modules\object-inspect\test\undef.js
Express\node_modules\object-inspect\test\values.js
Express\node_modules\qs\.github\FUNDING.yml
Express\node_modules\qs\dist\qs.js
Express\node_modules\qs\lib\formats.js
Express\node_modules\qs\lib\index.js
Express\node_modules\qs\lib\parse.js
Express\node_modules\qs\lib\stringify.js
Express\node_modules\qs\lib\utils.js
Express\node_modules\qs\test\empty-keys-cases.js
Express\node_modules\qs\test\parse.js
Express\node_modules\qs\test\stringify.js
Express\node_modules\qs\test\utils.js
Express\node_modules\send\node_modules\encodeurl
Express\node_modules\send\node_modules\ms
Express\node_modules\set-function-length\.github\FUNDING.yml
Express\node_modules\setprototypeof\test\index.js
Express\node_modules\side-channel\.github\FUNDING.yml
Express\node_modules\side-channel\test\index.js
Redux\node_modules\@reduxjs\toolkit\dist
Redux\node_modules\@reduxjs\toolkit\LICENSE
Redux\node_modules\@reduxjs\toolkit\package.json
Redux\node_modules\@reduxjs\toolkit\query
Redux\node_modules\@reduxjs\toolkit\react
Redux\node_modules\@reduxjs\toolkit\README.md
Redux\node_modules\@reduxjs\toolkit\src
Redux\node_modules\immer\dist\cjs
Redux\node_modules\immer\dist\immer.d.ts
Redux\node_modules\immer\dist\immer.legacy-esm.js
Redux\node_modules\immer\dist\immer.legacy-esm.js.map
Redux\node_modules\immer\dist\immer.mjs
Redux\node_modules\immer\dist\immer.mjs.map
Redux\node_modules\immer\dist\immer.production.mjs
Redux\node_modules\immer\dist\immer.production.mjs.map
Redux\node_modules\immer\src\core
Redux\node_modules\immer\src\immer.ts
Redux\node_modules\immer\src\internal.ts
Redux\node_modules\immer\src\plugins
Redux\node_modules\immer\src\types
Redux\node_modules\immer\src\utils
Redux\node_modules\redux\dist\cjs
Redux\node_modules\redux\dist\redux.browser.mjs
Redux\node_modules\redux\dist\redux.browser.mjs.map
Redux\node_modules\redux\dist\redux.d.ts
Redux\node_modules\redux\dist\redux.legacy-esm.js
Redux\node_modules\redux\dist\redux.mjs
Redux\node_modules\redux\dist\redux.mjs.map
Redux\node_modules\redux\src\applyMiddleware.ts
Redux\node_modules\redux\src\bindActionCreators.ts
Redux\node_modules\redux\src\combineReducers.ts
Redux\node_modules\redux\src\compose.ts
Redux\node_modules\redux\src\createStore.ts
Redux\node_modules\redux\src\index.ts
Redux\node_modules\redux\src\types
Redux\node_modules\redux\src\utils
Redux\node_modules\redux-thunk\dist\cjs
Redux\node_modules\redux-thunk\dist\redux-thunk.d.ts
Redux\node_modules\redux-thunk\dist\redux-thunk.legacy-esm.js
Redux\node_modules\redux-thunk\dist\redux-thunk.mjs
Redux\node_modules\redux-thunk\src\index.ts
Redux\node_modules\redux-thunk\src\types.ts
Redux\node_modules\reselect\dist\cjs
Redux\node_modules\reselect\dist\reselect.browser.mjs
Redux\node_modules\reselect\dist\reselect.browser.mjs.map
Redux\node_modules\reselect\dist\reselect.d.ts
Redux\node_modules\reselect\dist\reselect.legacy-esm.js
Redux\node_modules\reselect\dist\reselect.legacy-esm.js.map
Redux\node_modules\reselect\dist\reselect.mjs
Redux\node_modules\reselect\dist\reselect.mjs.map
Redux\node_modules\reselect\src\autotrackMemoize
Redux\node_modules\reselect\src\createSelectorCreator.ts
Redux\node_modules\reselect\src\createStructuredSelector.ts
Redux\node_modules\reselect\src\devModeChecks
Redux\node_modules\reselect\src\index.ts
Redux\node_modules\reselect\src\lruMemoize.ts
Redux\node_modules\reselect\src\types.ts
Redux\node_modules\reselect\src\utils.ts
Redux\node_modules\reselect\src\versionedTypes
Redux\node_modules\reselect\src\weakMapMemoize.ts
.git\logs\refs\remotes\origin\main
cluster\node_modules\body-parser\lib\types\json.js
cluster\node_modules\body-parser\lib\types\raw.js
cluster\node_modules\body-parser\lib\types\text.js
cluster\node_modules\body-parser\lib\types\urlencoded.js
cluster\node_modules\depd\lib\browser\index.js
cluster\node_modules\express\lib\middleware\init.js
cluster\node_modules\express\lib\middleware\query.js
cluster\node_modules\express\lib\router\index.js
cluster\node_modules\express\lib\router\layer.js
cluster\node_modules\express\lib\router\route.js
cluster\node_modules\has-symbols\test\shams\core-js.js
cluster\node_modules\has-symbols\test\shams\get-own-property-symbols.js
cluster\node_modules\iconv-lite\encodings\tables\big5-added.json
cluster\node_modules\iconv-lite\encodings\tables\cp936.json
cluster\node_modules\iconv-lite\encodings\tables\cp949.json
cluster\node_modules\iconv-lite\encodings\tables\cp950.json
cluster\node_modules\iconv-lite\encodings\tables\eucjp.json
cluster\node_modules\iconv-lite\encodings\tables\gb18030-ranges.json
cluster\node_modules\iconv-lite\encodings\tables\gbk-added.json
cluster\node_modules\iconv-lite\encodings\tables\shiftjis.json
cluster\node_modules\object-inspect\test\browser\dom.js
cluster\node_modules\send\node_modules\encodeurl\HISTORY.md
cluster\node_modules\send\node_modules\encodeurl\index.js
cluster\node_modules\send\node_modules\encodeurl\LICENSE
cluster\node_modules\send\node_modules\encodeurl\package.json
cluster\node_modules\send\node_modules\encodeurl\README.md
cluster\node_modules\send\node_modules\ms\index.js
cluster\node_modules\send\node_modules\ms\license.md
cluster\node_modules\send\node_modules\ms\package.json
cluster\node_modules\send\node_modules\ms\readme.md
Express\node_modules\body-parser\lib\types\json.js
Express\node_modules\body-parser\lib\types\raw.js
Express\node_modules\body-parser\lib\types\text.js
Express\node_modules\body-parser\lib\types\urlencoded.js
Express\node_modules\depd\lib\browser\index.js
Express\node_modules\express\lib\middleware\init.js
Express\node_modules\express\lib\middleware\query.js
Express\node_modules\express\lib\router\index.js
Express\node_modules\express\lib\router\layer.js
Express\node_modules\express\lib\router\route.js
Express\node_modules\has-symbols\test\shams\core-js.js
Express\node_modules\has-symbols\test\shams\get-own-property-symbols.js
Express\node_modules\iconv-lite\encodings\tables\big5-added.json
Express\node_modules\iconv-lite\encodings\tables\cp936.json
Express\node_modules\iconv-lite\encodings\tables\cp949.json
Express\node_modules\iconv-lite\encodings\tables\cp950.json
Express\node_modules\iconv-lite\encodings\tables\eucjp.json
Express\node_modules\iconv-lite\encodings\tables\gb18030-ranges.json
Express\node_modules\iconv-lite\encodings\tables\gbk-added.json
Express\node_modules\iconv-lite\encodings\tables\shiftjis.json
Express\node_modules\object-inspect\test\browser\dom.js
Express\node_modules\send\node_modules\encodeurl\HISTORY.md
Express\node_modules\send\node_modules\encodeurl\index.js
Express\node_modules\send\node_modules\encodeurl\LICENSE
Express\node_modules\send\node_modules\encodeurl\package.json
Express\node_modules\send\node_modules\encodeurl\README.md
Express\node_modules\send\node_modules\ms\index.js
Express\node_modules\send\node_modules\ms\license.md
Express\node_modules\send\node_modules\ms\package.json
Express\node_modules\send\node_modules\ms\readme.md
Redux\node_modules\@reduxjs\toolkit\dist\cjs
Redux\node_modules\@reduxjs\toolkit\dist\index.d.ts
Redux\node_modules\@reduxjs\toolkit\dist\query
Redux\node_modules\@reduxjs\toolkit\dist\react
Redux\node_modules\@reduxjs\toolkit\dist\redux-toolkit.browser.mjs
Redux\node_modules\@reduxjs\toolkit\dist\redux-toolkit.browser.mjs.map
Redux\node_modules\@reduxjs\toolkit\dist\redux-toolkit.legacy-esm.js
Redux\node_modules\@reduxjs\toolkit\dist\redux-toolkit.legacy-esm.js.map
Redux\node_modules\@reduxjs\toolkit\dist\redux-toolkit.modern.mjs
Redux\node_modules\@reduxjs\toolkit\dist\redux-toolkit.modern.mjs.map
Redux\node_modules\@reduxjs\toolkit\dist\uncheckedindexed.ts
Redux\node_modules\@reduxjs\toolkit\query\package.json
Redux\node_modules\@reduxjs\toolkit\query\react
Redux\node_modules\@reduxjs\toolkit\react\package.json
Redux\node_modules\@reduxjs\toolkit\src\actionCreatorInvariantMiddleware.ts
Redux\node_modules\@reduxjs\toolkit\src\autoBatchEnhancer.ts
Redux\node_modules\@reduxjs\toolkit\src\combineSlices.ts
Redux\node_modules\@reduxjs\toolkit\src\configureStore.ts
Redux\node_modules\@reduxjs\toolkit\src\createAction.ts
Redux\node_modules\@reduxjs\toolkit\src\createAsyncThunk.ts
Redux\node_modules\@reduxjs\toolkit\src\createDraftSafeSelector.ts
Redux\node_modules\@reduxjs\toolkit\src\createReducer.ts
Redux\node_modules\@reduxjs\toolkit\src\createSlice.ts
Redux\node_modules\@reduxjs\toolkit\src\devtoolsExtension.ts
Redux\node_modules\@reduxjs\toolkit\src\dynamicMiddleware
Redux\node_modules\@reduxjs\toolkit\src\entities
Redux\node_modules\@reduxjs\toolkit\src\formatProdErrorMessage.ts
Redux\node_modules\@reduxjs\toolkit\src\getDefaultEnhancers.ts
Redux\node_modules\@reduxjs\toolkit\src\getDefaultMiddleware.ts
Redux\node_modules\@reduxjs\toolkit\src\immutableStateInvariantMiddleware.ts
Redux\node_modules\@reduxjs\toolkit\src\index.ts
Redux\node_modules\@reduxjs\toolkit\src\listenerMiddleware
Redux\node_modules\@reduxjs\toolkit\src\mapBuilders.ts
Redux\node_modules\@reduxjs\toolkit\src\matchers.ts
Redux\node_modules\@reduxjs\toolkit\src\nanoid.ts
Redux\node_modules\@reduxjs\toolkit\src\query
Redux\node_modules\@reduxjs\toolkit\src\react
Redux\node_modules\@reduxjs\toolkit\src\serializableStateInvariantMiddleware.ts
Redux\node_modules\@reduxjs\toolkit\src\tests
Redux\node_modules\@reduxjs\toolkit\src\tsHelpers.ts
Redux\node_modules\@reduxjs\toolkit\src\uncheckedindexed.ts
Redux\node_modules\@reduxjs\toolkit\src\utils.ts
Redux\node_modules\immer\dist\cjs\immer.cjs.development.js
Redux\node_modules\immer\dist\cjs\immer.cjs.development.js.map
Redux\node_modules\immer\dist\cjs\immer.cjs.production.js
Redux\node_modules\immer\dist\cjs\immer.cjs.production.js.map
Redux\node_modules\immer\dist\cjs\index.js
Redux\node_modules\immer\dist\cjs\index.js.flow
Redux\node_modules\immer\src\core\current.ts
Redux\node_modules\immer\src\core\finalize.ts
Redux\node_modules\immer\src\core\immerClass.ts
Redux\node_modules\immer\src\core\proxy.ts
Redux\node_modules\immer\src\core\scope.ts
Redux\node_modules\immer\src\plugins\mapset.ts
Redux\node_modules\immer\src\plugins\patches.ts
Redux\node_modules\immer\src\types\globals.d.ts
Redux\node_modules\immer\src\types\index.js.flow
Redux\node_modules\immer\src\types\types-external.ts
Redux\node_modules\immer\src\types\types-internal.ts
Redux\node_modules\immer\src\utils\common.ts
Redux\node_modules\immer\src\utils\env.ts
Redux\node_modules\immer\src\utils\errors.ts
Redux\node_modules\immer\src\utils\plugins.ts
Redux\node_modules\redux\dist\cjs\redux.cjs
Redux\node_modules\redux\dist\cjs\redux.cjs.map
Redux\node_modules\redux\src\types\actions.ts
Redux\node_modules\redux\src\types\middleware.ts
Redux\node_modules\redux\src\types\reducers.ts
Redux\node_modules\redux\src\types\store.ts
Redux\node_modules\redux\src\utils\actionTypes.ts
Redux\node_modules\redux\src\utils\formatProdErrorMessage.ts
Redux\node_modules\redux\src\utils\isAction.ts
Redux\node_modules\redux\src\utils\isPlainObject.ts
Redux\node_modules\redux\src\utils\kindOf.ts
Redux\node_modules\redux\src\utils\symbol-observable.ts
Redux\node_modules\redux\src\utils\warning.ts
Redux\node_modules\redux-thunk\dist\cjs\redux-thunk.cjs
Redux\node_modules\reselect\dist\cjs\reselect.cjs
Redux\node_modules\reselect\dist\cjs\reselect.cjs.map
Redux\node_modules\reselect\src\autotrackMemoize\autotracking.ts
Redux\node_modules\reselect\src\autotrackMemoize\autotrackMemoize.ts
Redux\node_modules\reselect\src\autotrackMemoize\proxy.ts
Redux\node_modules\reselect\src\autotrackMemoize\tracking.ts
Redux\node_modules\reselect\src\autotrackMemoize\utils.ts
Redux\node_modules\reselect\src\devModeChecks\identityFunctionCheck.ts
Redux\node_modules\reselect\src\devModeChecks\inputStabilityCheck.ts
Redux\node_modules\reselect\src\devModeChecks\setGlobalDevModeChecks.ts
Redux\node_modules\reselect\src\versionedTypes\index.ts
Redux\node_modules\reselect\src\versionedTypes\ts47-mergeParameters.ts
Redux\node_modules\@reduxjs\toolkit\dist\cjs\index.js
Redux\node_modules\@reduxjs\toolkit\dist\cjs\redux-toolkit.development.cjs
Redux\node_modules\@reduxjs\toolkit\dist\cjs\redux-toolkit.development.cjs.map
Redux\node_modules\@reduxjs\toolkit\dist\cjs\redux-toolkit.production.min.cjs
Redux\node_modules\@reduxjs\toolkit\dist\cjs\redux-toolkit.production.min.cjs.map
Redux\node_modules\@reduxjs\toolkit\dist\query\cjs
Redux\node_modules\@reduxjs\toolkit\dist\query\index.d.ts
Redux\node_modules\@reduxjs\toolkit\dist\query\react
Redux\node_modules\@reduxjs\toolkit\dist\query\rtk-query.browser.mjs
Redux\node_modules\@reduxjs\toolkit\dist\query\rtk-query.browser.mjs.map
Redux\node_modules\@reduxjs\toolkit\dist\query\rtk-query.legacy-esm.js
Redux\node_modules\@reduxjs\toolkit\dist\query\rtk-query.legacy-esm.js.map
Redux\node_modules\@reduxjs\toolkit\dist\query\rtk-query.modern.mjs
Redux\node_modules\@reduxjs\toolkit\dist\query\rtk-query.modern.mjs.map
Redux\node_modules\@reduxjs\toolkit\dist\react\cjs
Redux\node_modules\@reduxjs\toolkit\dist\react\index.d.ts
Redux\node_modules\@reduxjs\toolkit\dist\react\redux-toolkit-react.browser.mjs
Redux\node_modules\@reduxjs\toolkit\dist\react\redux-toolkit-react.browser.mjs.map
Redux\node_modules\@reduxjs\toolkit\dist\react\redux-toolkit-react.legacy-esm.js
Redux\node_modules\@reduxjs\toolkit\dist\react\redux-toolkit-react.legacy-esm.js.map
Redux\node_modules\@reduxjs\toolkit\dist\react\redux-toolkit-react.modern.mjs
Redux\node_modules\@reduxjs\toolkit\dist\react\redux-toolkit-react.modern.mjs.map
Redux\node_modules\@reduxjs\toolkit\query\react\package.json
Redux\node_modules\@reduxjs\toolkit\src\dynamicMiddleware\index.ts
Redux\node_modules\@reduxjs\toolkit\src\dynamicMiddleware\react
Redux\node_modules\@reduxjs\toolkit\src\dynamicMiddleware\tests
Redux\node_modules\@reduxjs\toolkit\src\dynamicMiddleware\types.ts
Redux\node_modules\@reduxjs\toolkit\src\entities\create_adapter.ts
Redux\node_modules\@reduxjs\toolkit\src\entities\entity_state.ts
Redux\node_modules\@reduxjs\toolkit\src\entities\index.ts
Redux\node_modules\@reduxjs\toolkit\src\entities\models.ts
Redux\node_modules\@reduxjs\toolkit\src\entities\sorted_state_adapter.ts
Redux\node_modules\@reduxjs\toolkit\src\entities\state_adapter.ts
Redux\node_modules\@reduxjs\toolkit\src\entities\state_selectors.ts
Redux\node_modules\@reduxjs\toolkit\src\entities\tests
Redux\node_modules\@reduxjs\toolkit\src\entities\unsorted_state_adapter.ts
Redux\node_modules\@reduxjs\toolkit\src\entities\utils.ts
Redux\node_modules\@reduxjs\toolkit\src\listenerMiddleware\exceptions.ts
Redux\node_modules\@reduxjs\toolkit\src\listenerMiddleware\index.ts
Redux\node_modules\@reduxjs\toolkit\src\listenerMiddleware\task.ts
Redux\node_modules\@reduxjs\toolkit\src\listenerMiddleware\tests
Redux\node_modules\@reduxjs\toolkit\src\listenerMiddleware\types.ts
Redux\node_modules\@reduxjs\toolkit\src\listenerMiddleware\utils.ts
Redux\node_modules\@reduxjs\toolkit\src\query\apiTypes.ts
Redux\node_modules\@reduxjs\toolkit\src\query\baseQueryTypes.ts
Redux\node_modules\@reduxjs\toolkit\src\query\core
Redux\node_modules\@reduxjs\toolkit\src\query\createApi.ts
Redux\node_modules\@reduxjs\toolkit\src\query\defaultSerializeQueryArgs.ts
Redux\node_modules\@reduxjs\toolkit\src\query\endpointDefinitions.ts
Redux\node_modules\@reduxjs\toolkit\src\query\fakeBaseQuery.ts
Redux\node_modules\@reduxjs\toolkit\src\query\fetchBaseQuery.ts
Redux\node_modules\@reduxjs\toolkit\src\query\HandledError.ts
Redux\node_modules\@reduxjs\toolkit\src\query\index.ts
Redux\node_modules\@reduxjs\toolkit\src\query\react
Redux\node_modules\@reduxjs\toolkit\src\query\retry.ts
Redux\node_modules\@reduxjs\toolkit\src\query\tests
Redux\node_modules\@reduxjs\toolkit\src\query\tsHelpers.ts
Redux\node_modules\@reduxjs\toolkit\src\query\utils
Redux\node_modules\@reduxjs\toolkit\src\react\index.ts
Redux\node_modules\@reduxjs\toolkit\src\tests\actionCreatorInvariantMiddleware.test.ts
Redux\node_modules\@reduxjs\toolkit\src\tests\autoBatchEnhancer.test.ts
Redux\node_modules\@reduxjs\toolkit\src\tests\combinedTest.test.ts
Redux\node_modules\@reduxjs\toolkit\src\tests\combineSlices.test-d.ts
Redux\node_modules\@reduxjs\toolkit\src\tests\combineSlices.test.ts
Redux\node_modules\@reduxjs\toolkit\src\tests\configureStore.test-d.ts
Redux\node_modules\@reduxjs\toolkit\src\tests\configureStore.test.ts
Redux\node_modules\@reduxjs\toolkit\src\tests\createAction.test-d.tsx
Redux\node_modules\@reduxjs\toolkit\src\tests\createAction.test.ts
Redux\node_modules\@reduxjs\toolkit\src\tests\createAsyncThunk.test-d.ts
Redux\node_modules\@reduxjs\toolkit\src\tests\createAsyncThunk.test.ts
Redux\node_modules\@reduxjs\toolkit\src\tests\createDraftSafeSelector.test.ts
Redux\node_modules\@reduxjs\toolkit\src\tests\createDraftSafeSelector.withTypes.test.ts
Redux\node_modules\@reduxjs\toolkit\src\tests\createEntityAdapter.test-d.ts
Redux\node_modules\@reduxjs\toolkit\src\tests\createReducer.test-d.ts
Redux\node_modules\@reduxjs\toolkit\src\tests\createReducer.test.ts
Redux\node_modules\@reduxjs\toolkit\src\tests\createSlice.test-d.ts
Redux\node_modules\@reduxjs\toolkit\src\tests\createSlice.test.ts
Redux\node_modules\@reduxjs\toolkit\src\tests\getDefaultEnhancers.test-d.ts
Redux\node_modules\@reduxjs\toolkit\src\tests\getDefaultMiddleware.test-d.ts
Redux\node_modules\@reduxjs\toolkit\src\tests\getDefaultMiddleware.test.ts
Redux\node_modules\@reduxjs\toolkit\src\tests\immutableStateInvariantMiddleware.test.ts
Redux\node_modules\@reduxjs\toolkit\src\tests\mapBuilders.test-d.ts
Redux\node_modules\@reduxjs\toolkit\src\tests\matchers.test-d.ts
Redux\node_modules\@reduxjs\toolkit\src\tests\matchers.test.ts
Redux\node_modules\@reduxjs\toolkit\src\tests\serializableStateInvariantMiddleware.test.ts
Redux\node_modules\@reduxjs\toolkit\src\tests\Tuple.test-d.ts
Redux\node_modules\@reduxjs\toolkit\src\tests\utils
Redux\node_modules\@reduxjs\toolkit\dist\query\cjs\index.js
Redux\node_modules\@reduxjs\toolkit\dist\query\cjs\rtk-query.development.cjs
Redux\node_modules\@reduxjs\toolkit\dist\query\cjs\rtk-query.development.cjs.map
Redux\node_modules\@reduxjs\toolkit\dist\query\cjs\rtk-query.production.min.cjs
Redux\node_modules\@reduxjs\toolkit\dist\query\cjs\rtk-query.production.min.cjs.map
Redux\node_modules\@reduxjs\toolkit\dist\query\react\cjs
Redux\node_modules\@reduxjs\toolkit\dist\query\react\index.d.ts
Redux\node_modules\@reduxjs\toolkit\dist\query\react\rtk-query-react.browser.mjs
Redux\node_modules\@reduxjs\toolkit\dist\query\react\rtk-query-react.browser.mjs.map
Redux\node_modules\@reduxjs\toolkit\dist\query\react\rtk-query-react.legacy-esm.js
Redux\node_modules\@reduxjs\toolkit\dist\query\react\rtk-query-react.legacy-esm.js.map
Redux\node_modules\@reduxjs\toolkit\dist\query\react\rtk-query-react.modern.mjs
Redux\node_modules\@reduxjs\toolkit\dist\query\react\rtk-query-react.modern.mjs.map
Redux\node_modules\@reduxjs\toolkit\dist\react\cjs\index.js
Redux\node_modules\@reduxjs\toolkit\dist\react\cjs\redux-toolkit-react.development.cjs
Redux\node_modules\@reduxjs\toolkit\dist\react\cjs\redux-toolkit-react.development.cjs.map
Redux\node_modules\@reduxjs\toolkit\dist\react\cjs\redux-toolkit-react.production.min.cjs
Redux\node_modules\@reduxjs\toolkit\dist\react\cjs\redux-toolkit-react.production.min.cjs.map
Redux\node_modules\@reduxjs\toolkit\src\dynamicMiddleware\react\index.ts
Redux\node_modules\@reduxjs\toolkit\src\dynamicMiddleware\tests\index.test-d.ts
Redux\node_modules\@reduxjs\toolkit\src\dynamicMiddleware\tests\index.test.ts
Redux\node_modules\@reduxjs\toolkit\src\dynamicMiddleware\tests\react.test-d.ts
Redux\node_modules\@reduxjs\toolkit\src\dynamicMiddleware\tests\react.test.tsx
Redux\node_modules\@reduxjs\toolkit\src\entities\tests\entity_slice_enhancer.test.ts
Redux\node_modules\@reduxjs\toolkit\src\entities\tests\entity_state.test.ts
Redux\node_modules\@reduxjs\toolkit\src\entities\tests\fixtures
Redux\node_modules\@reduxjs\toolkit\src\entities\tests\sorted_state_adapter.test.ts
Redux\node_modules\@reduxjs\toolkit\src\entities\tests\state_adapter.test.ts
Redux\node_modules\@reduxjs\toolkit\src\entities\tests\state_selectors.test.ts
Redux\node_modules\@reduxjs\toolkit\src\entities\tests\unsorted_state_adapter.test.ts
Redux\node_modules\@reduxjs\toolkit\src\entities\tests\utils.spec.ts
Redux\node_modules\@reduxjs\toolkit\src\listenerMiddleware\tests\effectScenarios.test.ts
Redux\node_modules\@reduxjs\toolkit\src\listenerMiddleware\tests\fork.test.ts
Redux\node_modules\@reduxjs\toolkit\src\listenerMiddleware\tests\listenerMiddleware.test-d.ts
Redux\node_modules\@reduxjs\toolkit\src\listenerMiddleware\tests\listenerMiddleware.test.ts
Redux\node_modules\@reduxjs\toolkit\src\listenerMiddleware\tests\listenerMiddleware.withTypes.test-d.ts
Redux\node_modules\@reduxjs\toolkit\src\listenerMiddleware\tests\listenerMiddleware.withTypes.test.ts
Redux\node_modules\@reduxjs\toolkit\src\listenerMiddleware\tests\useCases.test.ts
Redux\node_modules\@reduxjs\toolkit\src\query\core\apiState.ts
Redux\node_modules\@reduxjs\toolkit\src\query\core\buildInitiate.ts
Redux\node_modules\@reduxjs\toolkit\src\query\core\buildMiddleware
Redux\node_modules\@reduxjs\toolkit\src\query\core\buildSelectors.ts
Redux\node_modules\@reduxjs\toolkit\src\query\core\buildSlice.ts
Redux\node_modules\@reduxjs\toolkit\src\query\core\buildThunks.ts
Redux\node_modules\@reduxjs\toolkit\src\query\core\index.ts
Redux\node_modules\@reduxjs\toolkit\src\query\core\module.ts
Redux\node_modules\@reduxjs\toolkit\src\query\core\rtkImports.ts
Redux\node_modules\@reduxjs\toolkit\src\query\core\setupListeners.ts
Redux\node_modules\@reduxjs\toolkit\src\query\react\ApiProvider.tsx
Redux\node_modules\@reduxjs\toolkit\src\query\react\buildHooks.ts
Redux\node_modules\@reduxjs\toolkit\src\query\react\constants.ts
Redux\node_modules\@reduxjs\toolkit\src\query\react\index.ts
Redux\node_modules\@reduxjs\toolkit\src\query\react\module.ts
Redux\node_modules\@reduxjs\toolkit\src\query\react\namedHooks.ts
Redux\node_modules\@reduxjs\toolkit\src\query\react\useSerializedStableValue.ts
Redux\node_modules\@reduxjs\toolkit\src\query\react\useShallowStableValue.ts
Redux\node_modules\@reduxjs\toolkit\src\query\tests\apiProvider.test.tsx
Redux\node_modules\@reduxjs\toolkit\src\query\tests\baseQueryTypes.test-d.ts
Redux\node_modules\@reduxjs\toolkit\src\query\tests\buildCreateApi.test.tsx
Redux\node_modules\@reduxjs\toolkit\src\query\tests\buildHooks.test-d.tsx
Redux\node_modules\@reduxjs\toolkit\src\query\tests\buildHooks.test.tsx
Redux\node_modules\@reduxjs\toolkit\src\query\tests\buildInitiate.test.tsx
Redux\node_modules\@reduxjs\toolkit\src\query\tests\buildMiddleware.test-d.ts
Redux\node_modules\@reduxjs\toolkit\src\query\tests\buildMiddleware.test.tsx
Redux\node_modules\@reduxjs\toolkit\src\query\tests\buildSelector.test-d.ts
Redux\node_modules\@reduxjs\toolkit\src\query\tests\buildSlice.test.ts
Redux\node_modules\@reduxjs\toolkit\src\query\tests\buildThunks.test.tsx
Redux\node_modules\@reduxjs\toolkit\src\query\tests\cacheCollection.test.ts
Redux\node_modules\@reduxjs\toolkit\src\query\tests\cacheLifecycle.test-d.ts
Redux\node_modules\@reduxjs\toolkit\src\query\tests\cacheLifecycle.test.ts
Redux\node_modules\@reduxjs\toolkit\src\query\tests\cleanup.test.tsx
Redux\node_modules\@reduxjs\toolkit\src\query\tests\copyWithStructuralSharing.test.ts
Redux\node_modules\@reduxjs\toolkit\src\query\tests\createApi.test-d.ts
Redux\node_modules\@reduxjs\toolkit\src\query\tests\createApi.test.ts
Redux\node_modules\@reduxjs\toolkit\src\query\tests\defaultSerializeQueryArgs.test.ts
Redux\node_modules\@reduxjs\toolkit\src\query\tests\devWarnings.test.tsx
Redux\node_modules\@reduxjs\toolkit\src\query\tests\errorHandling.test-d.tsx
Redux\node_modules\@reduxjs\toolkit\src\query\tests\errorHandling.test.tsx
Redux\node_modules\@reduxjs\toolkit\src\query\tests\fakeBaseQuery.test.tsx
Redux\node_modules\@reduxjs\toolkit\src\query\tests\fetchBaseQuery.test.tsx
Redux\node_modules\@reduxjs\toolkit\src\query\tests\injectEndpoints.test.tsx
Redux\node_modules\@reduxjs\toolkit\src\query\tests\invalidation.test.tsx
Redux\node_modules\@reduxjs\toolkit\src\query\tests\matchers.test-d.tsx
Redux\node_modules\@reduxjs\toolkit\src\query\tests\matchers.test.tsx
Redux\node_modules\@reduxjs\toolkit\src\query\tests\mocks
Redux\node_modules\@reduxjs\toolkit\src\query\tests\optimisticUpdates.test.tsx
Redux\node_modules\@reduxjs\toolkit\src\query\tests\optimisticUpserts.test.tsx
Redux\node_modules\@reduxjs\toolkit\src\query\tests\polling.test.tsx
Redux\node_modules\@reduxjs\toolkit\src\query\tests\queryFn.test.tsx
Redux\node_modules\@reduxjs\toolkit\src\query\tests\queryLifecycle.test-d.tsx
Redux\node_modules\@reduxjs\toolkit\src\query\tests\queryLifecycle.test.tsx
Redux\node_modules\@reduxjs\toolkit\src\query\tests\raceConditions.test.ts
Redux\node_modules\@reduxjs\toolkit\src\query\tests\refetchingBehaviors.test.tsx
Redux\node_modules\@reduxjs\toolkit\src\query\tests\retry.test-d.ts
Redux\node_modules\@reduxjs\toolkit\src\query\tests\retry.test.ts
Redux\node_modules\@reduxjs\toolkit\src\query\tests\unionTypes.test-d.ts
Redux\node_modules\@reduxjs\toolkit\src\query\tests\useMutation-fixedCacheKey.test.tsx
Redux\node_modules\@reduxjs\toolkit\src\query\tests\utils.test.ts
Redux\node_modules\@reduxjs\toolkit\src\query\utils\capitalize.ts
Redux\node_modules\@reduxjs\toolkit\src\query\utils\copyWithStructuralSharing.ts
Redux\node_modules\@reduxjs\toolkit\src\query\utils\countObjectKeys.ts
Redux\node_modules\@reduxjs\toolkit\src\query\utils\flatten.ts
Redux\node_modules\@reduxjs\toolkit\src\query\utils\index.ts
Redux\node_modules\@reduxjs\toolkit\src\query\utils\isAbsoluteUrl.ts
Redux\node_modules\@reduxjs\toolkit\src\query\utils\isDocumentVisible.ts
Redux\node_modules\@reduxjs\toolkit\src\query\utils\isNotNullish.ts
Redux\node_modules\@reduxjs\toolkit\src\query\utils\isOnline.ts
Redux\node_modules\@reduxjs\toolkit\src\query\utils\isValidUrl.ts
Redux\node_modules\@reduxjs\toolkit\src\query\utils\joinUrls.ts
Redux\node_modules\@reduxjs\toolkit\src\tests\utils\CustomMatchers.d.ts
Redux\node_modules\@reduxjs\toolkit\src\tests\utils\helpers.tsx
Redux\node_modules\@reduxjs\toolkit\dist\query\react\cjs\index.js
Redux\node_modules\@reduxjs\toolkit\dist\query\react\cjs\rtk-query-react.development.cjs
Redux\node_modules\@reduxjs\toolkit\dist\query\react\cjs\rtk-query-react.development.cjs.map
Redux\node_modules\@reduxjs\toolkit\dist\query\react\cjs\rtk-query-react.production.min.cjs
Redux\node_modules\@reduxjs\toolkit\dist\query\react\cjs\rtk-query-react.production.min.cjs.map
Redux\node_modules\@reduxjs\toolkit\src\entities\tests\fixtures\book.ts
Redux\node_modules\@reduxjs\toolkit\src\query\core\buildMiddleware\batchActions.ts
Redux\node_modules\@reduxjs\toolkit\src\query\core\buildMiddleware\cacheCollection.ts
Redux\node_modules\@reduxjs\toolkit\src\query\core\buildMiddleware\cacheLifecycle.ts
Redux\node_modules\@reduxjs\toolkit\src\query\core\buildMiddleware\devMiddleware.ts
Redux\node_modules\@reduxjs\toolkit\src\query\core\buildMiddleware\index.ts
Redux\node_modules\@reduxjs\toolkit\src\query\core\buildMiddleware\invalidationByTags.ts
Redux\node_modules\@reduxjs\toolkit\src\query\core\buildMiddleware\polling.ts
Redux\node_modules\@reduxjs\toolkit\src\query\core\buildMiddleware\queryLifecycle.ts
Redux\node_modules\@reduxjs\toolkit\src\query\core\buildMiddleware\types.ts
Redux\node_modules\@reduxjs\toolkit\src\query\core\buildMiddleware\windowEventHandling.ts
Redux\node_modules\@reduxjs\toolkit\src\query\tests\mocks\handlers.ts
Redux\node_modules\@reduxjs\toolkit\src\query\tests\mocks\server.ts
